  one.cpp
c:\users\user\documents\visual studio 2015\projects\генераторы1\генераторы1\one.cpp(18): warning C4244: =: преобразование "__int64" в "int", возможна потеря данных
c:\users\user\documents\visual studio 2015\projects\генераторы1\генераторы1\one.cpp(37): warning C4018: <: несоответствие типов со знаком и без знака
c:\users\user\documents\visual studio 2015\projects\генераторы1\генераторы1\one.cpp(41): warning C4018: <: несоответствие типов со знаком и без знака
c:\users\user\documents\visual studio 2015\projects\генераторы1\генераторы1\one.cpp(59): warning C4018: <: несоответствие типов со знаком и без знака
c:\users\user\documents\visual studio 2015\projects\генераторы1\генераторы1\one.cpp(68): warning C4018: <: несоответствие типов со знаком и без знака
c:\users\user\documents\visual studio 2015\projects\генераторы1\генераторы1\one.cpp(189): warning C4018: <: несоответствие типов со знаком и без знака
c:\users\user\documents\visual studio 2015\projects\генераторы1\генераторы1\one.cpp(217): warning C4018: <: несоответствие типов со знаком и без знака
c:\users\user\documents\visual studio 2015\projects\генераторы1\генераторы1\one.cpp(225): warning C4018: <: несоответствие типов со знаком и без знака
c:\users\user\documents\visual studio 2015\projects\генераторы1\генераторы1\one.cpp(227): warning C4244: return: преобразование "__int64" в "int", возможна потеря данных
c:\users\user\documents\visual studio 2015\projects\генераторы1\генераторы1\one.cpp(270): warning C4244: аргумент: преобразование "__int64" в "int", возможна потеря данных
c:\users\user\documents\visual studio 2015\projects\генераторы1\генераторы1\one.cpp(290): warning C4018: <: несоответствие типов со знаком и без знака
c:\users\user\documents\visual studio 2015\projects\генераторы1\генераторы1\one.cpp(315): warning C4018: <: несоответствие типов со знаком и без знака
c:\users\user\documents\visual studio 2015\projects\генераторы1\генераторы1\one.cpp(318): warning C4018: <: несоответствие типов со знаком и без знака
c:\users\user\documents\visual studio 2015\projects\генераторы1\генераторы1\one.cpp(330): warning C4244: аргумент: преобразование "__int64" в "int", возможна потеря данных
c:\users\user\documents\visual studio 2015\projects\генераторы1\генераторы1\one.cpp(347): warning C4018: <: несоответствие типов со знаком и без знака
c:\users\user\documents\visual studio 2015\projects\генераторы1\генераторы1\one.cpp(367): warning C4018: <: несоответствие типов со знаком и без знака
c:\users\user\documents\visual studio 2015\projects\генераторы1\генераторы1\one.cpp(394): warning C4018: <: несоответствие типов со знаком и без знака
  генераторы1.vcxproj -> C:\Users\user\documents\visual studio 2015\Projects\генераторы1\Debug\генераторы1.exe
  генераторы1.vcxproj -> C:\Users\user\documents\visual studio 2015\Projects\генераторы1\Debug\генераторы1.pdb (Partial PDB)
